<?xml version="1.0" encoding="UTF-8"?>
<!-- Generated by org.testng.reporters.JUnitXMLReporter -->
<testsuite hostname="AIPL-PUN-LT-081" ignored="1" name="Hub Spot Functional Regression Test" tests="5" failures="1" timestamp="12 May 2020 10:10:25 GMT" time="22.826" errors="0">
  <testcase name="verifyForgotPasswordLinkText" time="8.045" classname="com.qa.hubspot.tests.LoginPageTest"/>
  <testcase name="verifyShowPassowordLinkText" time="0.092" classname="com.qa.hubspot.tests.LoginPageTest">
    <failure type="java.lang.AssertionError" message="expected [Show Password1] but found [Show Password]">
      <![CDATA[java.lang.AssertionError: expected [Show Password1] but found [Show Password]
at com.qa.hubspot.tests.LoginPageTest.verifyShowPassowordLinkText(LoginPageTest.java:83)
... Removed 31 stack frames]]>
    </failure>
  </testcase> <!-- verifyShowPassowordLinkText -->
  <testcase name="verifyLoginPageTitleTest" time="0.026" classname="com.qa.hubspot.tests.LoginPageTest"/>
  <testcase name="signUpLinkTest" time="0.125" classname="com.qa.hubspot.tests.LoginPageTest"/>
  <testcase name="loginTest" time="5.962" classname="com.qa.hubspot.tests.LoginPageTest"/>
  <testcase name="login_InvalidTestCases" time="0.0" classname="com.qa.hubspot.tests.LoginPageTest">
    <ignored/>
  </testcase> <!-- login_InvalidTestCases -->
</testsuite> <!-- Hub Spot Functional Regression Test -->
